<?xml version="1.0" encoding="UTF-8"?>
<!-- Generated by org.testng.reporters.JUnitReportReporter -->
<testsuite skipped="0" hostname="DRLAP-PC" name="TC001.try_github" tests="1" failures="0" timestamp="26 أكت 2018 11:59:29 GMT" time="0.020" errors="0">
  <testcase name="func" time="0.020" classname="TC001.try_github"/>
</testsuite> <!-- TC001.try_github -->
